  [1m[35m (0.2ms)[0m  [1m[34mSELECT pg_try_advisory_lock(4503895740962357565)[0m
  ↳ bin/rails:9
  [1m[35m (0.8ms)[0m  [1m[34mSELECT "schema_migrations"."version" FROM "schema_migrations" ORDER BY "schema_migrations"."version" ASC[0m
  ↳ bin/rails:9
Migrating to ChangeSurveys (20180703183644)
  [1m[35m (0.3ms)[0m  [1m[35mBEGIN[0m
  ↳ bin/rails:9
  [1m[35m (25.5ms)[0m  [1m[35mALTER TABLE "surveys" ADD "final_score" integer[0m
  ↳ db/migrate/20180703183644_change_surveys.rb:3
  [1m[35m (25.6ms)[0m  [1m[35mALTER TABLE "surveys" ADD "color" character varying[0m
  ↳ db/migrate/20180703183644_change_surveys.rb:4
  [1m[35m (0.3ms)[0m  [1m[35mALTER TABLE "surveys" ADD "initial_feeling" integer[0m
  ↳ db/migrate/20180703183644_change_surveys.rb:5
  [1m[35m (0.3ms)[0m  [1m[35mALTER TABLE "surveys" ADD "final_feeling" integer[0m
  ↳ db/migrate/20180703183644_change_surveys.rb:6
  [1m[36mActiveRecord::SchemaMigration Create (0.5ms)[0m  [1m[32mINSERT INTO "schema_migrations" ("version") VALUES ($1) RETURNING "version"[0m  [["version", "20180703183644"]]
  ↳ bin/rails:9
  [1m[35m (3.1ms)[0m  [1m[35mCOMMIT[0m
  ↳ bin/rails:9
Migrating to ChangeAnswers (20180703184404)
  [1m[35m (0.2ms)[0m  [1m[35mBEGIN[0m
  ↳ bin/rails:9
  [1m[35m (26.5ms)[0m  [1m[35mALTER TABLE "answers" DROP COLUMN "question_id"[0m
  ↳ db/migrate/20180703184404_change_answers.rb:3
  [1m[35m (0.6ms)[0m  [1m[35mALTER TABLE "answers" DROP COLUMN "a_content"[0m
  ↳ db/migrate/20180703184404_change_answers.rb:4
  [1m[35m (0.7ms)[0m  [1m[35mALTER TABLE "answers" DROP COLUMN "a_color"[0m
  ↳ db/migrate/20180703184404_change_answers.rb:5
  [1m[35m (0.3ms)[0m  [1m[35mALTER TABLE "answers" DROP COLUMN "points"[0m
  ↳ db/migrate/20180703184404_change_answers.rb:6
  [1m[35m (0.4ms)[0m  [1m[35mALTER TABLE "answers" ADD "option_id" integer[0m
  ↳ db/migrate/20180703184404_change_answers.rb:7
  [1m[35m (0.4ms)[0m  [1m[35mALTER TABLE "answers" ADD "survey_id" integer[0m
  ↳ db/migrate/20180703184404_change_answers.rb:8
  [1m[36mActiveRecord::SchemaMigration Create (0.5ms)[0m  [1m[32mINSERT INTO "schema_migrations" ("version") VALUES ($1) RETURNING "version"[0m  [["version", "20180703184404"]]
  ↳ bin/rails:9
  [1m[35m (1.5ms)[0m  [1m[35mCOMMIT[0m
  ↳ bin/rails:9
Migrating to ChangeOptions (20180703185059)
  [1m[35m (0.2ms)[0m  [1m[35mBEGIN[0m
  ↳ bin/rails:9
  [1m[35m (0.5ms)[0m  [1m[35mALTER TABLE "options" ADD "feedback_text" text[0m
  ↳ db/migrate/20180703185059_change_options.rb:3
  [1m[36mActiveRecord::SchemaMigration Create (0.3ms)[0m  [1m[32mINSERT INTO "schema_migrations" ("version") VALUES ($1) RETURNING "version"[0m  [["version", "20180703185059"]]
  ↳ bin/rails:9
  [1m[35m (6.2ms)[0m  [1m[35mCOMMIT[0m
  ↳ bin/rails:9
Migrating to ChangeQuestions (20180703185354)
  [1m[35m (0.2ms)[0m  [1m[35mBEGIN[0m
  ↳ bin/rails:9
  [1m[35m (0.5ms)[0m  [1m[35mALTER TABLE "questions" DROP COLUMN "survey_id"[0m
  ↳ db/migrate/20180703185354_change_questions.rb:3
  [1m[35m (0.4ms)[0m  [1m[35mALTER TABLE "questions" DROP COLUMN "source"[0m
  ↳ db/migrate/20180703185354_change_questions.rb:4
  [1m[35m (0.3ms)[0m  [1m[35mALTER TABLE "questions" ADD "question_set_id" integer[0m
  ↳ db/migrate/20180703185354_change_questions.rb:5
  [1m[36mActiveRecord::SchemaMigration Create (3.5ms)[0m  [1m[32mINSERT INTO "schema_migrations" ("version") VALUES ($1) RETURNING "version"[0m  [["version", "20180703185354"]]
  ↳ bin/rails:9
  [1m[35m (7.2ms)[0m  [1m[35mCOMMIT[0m
  ↳ bin/rails:9
Migrating to CreateQuestionSet (20180703185723)
  [1m[35m (0.2ms)[0m  [1m[35mBEGIN[0m
  ↳ bin/rails:9
  [1m[35m (36.8ms)[0m  [1m[35mCREATE TABLE "question_sets" ("id" bigserial primary key, "source" character varying)[0m
  ↳ db/migrate/20180703185723_create_question_set.rb:3
  [1m[36mActiveRecord::SchemaMigration Create (0.3ms)[0m  [1m[32mINSERT INTO "schema_migrations" ("version") VALUES ($1) RETURNING "version"[0m  [["version", "20180703185723"]]
  ↳ bin/rails:9
  [1m[35m (1.3ms)[0m  [1m[35mCOMMIT[0m
  ↳ bin/rails:9
  [1m[36mActiveRecord::InternalMetadata Load (0.4ms)[0m  [1m[34mSELECT  "ar_internal_metadata".* FROM "ar_internal_metadata" WHERE "ar_internal_metadata"."key" = $1 LIMIT $2[0m  [["key", "environment"], ["LIMIT", 1]]
  ↳ bin/rails:9
  [1m[35m (0.3ms)[0m  [1m[35mBEGIN[0m
  ↳ bin/rails:9
  [1m[35m (0.4ms)[0m  [1m[35mCOMMIT[0m
  ↳ bin/rails:9
  [1m[35m (0.3ms)[0m  [1m[34mSELECT pg_advisory_unlock(4503895740962357565)[0m
  ↳ bin/rails:9
  [1m[35m (0.5ms)[0m  [1m[34mSELECT "schema_migrations"."version" FROM "schema_migrations" ORDER BY "schema_migrations"."version" ASC[0m
  ↳ bin/rails:9
Started GET "/question_set" for 127.0.0.1 at 2018-07-03 15:58:18 -0400
  [1m[35m (1.3ms)[0m  [1m[34mSELECT "schema_migrations"."version" FROM "schema_migrations" ORDER BY "schema_migrations"."version" ASC[0m
  ↳ /Users/parkerpreyer/.rbenv/versions/2.5.0/lib/ruby/gems/2.5.0/gems/activerecord-5.2.0/lib/active_record/log_subscriber.rb:98
  
ActionController::RoutingError (No route matches [GET] "/question_set"):
  
actionpack (5.2.0) lib/action_dispatch/middleware/debug_exceptions.rb:65:in `call'
actionpack (5.2.0) lib/action_dispatch/middleware/show_exceptions.rb:33:in `call'
railties (5.2.0) lib/rails/rack/logger.rb:38:in `call_app'
railties (5.2.0) lib/rails/rack/logger.rb:26:in `block in call'
activesupport (5.2.0) lib/active_support/tagged_logging.rb:71:in `block in tagged'
activesupport (5.2.0) lib/active_support/tagged_logging.rb:28:in `tagged'
activesupport (5.2.0) lib/active_support/tagged_logging.rb:71:in `tagged'
railties (5.2.0) lib/rails/rack/logger.rb:26:in `call'
actionpack (5.2.0) lib/action_dispatch/middleware/remote_ip.rb:81:in `call'
actionpack (5.2.0) lib/action_dispatch/middleware/request_id.rb:27:in `call'
rack (2.0.5) lib/rack/runtime.rb:22:in `call'
activesupport (5.2.0) lib/active_support/cache/strategy/local_cache_middleware.rb:29:in `call'
actionpack (5.2.0) lib/action_dispatch/middleware/executor.rb:14:in `call'
actionpack (5.2.0) lib/action_dispatch/middleware/static.rb:127:in `call'
rack (2.0.5) lib/rack/sendfile.rb:111:in `call'
rack-cors (1.0.2) lib/rack/cors.rb:97:in `call'
railties (5.2.0) lib/rails/engine.rb:524:in `call'
puma (3.11.4) lib/puma/configuration.rb:225:in `call'
puma (3.11.4) lib/puma/server.rb:632:in `handle_request'
puma (3.11.4) lib/puma/server.rb:446:in `process_client'
puma (3.11.4) lib/puma/server.rb:306:in `block in run'
puma (3.11.4) lib/puma/thread_pool.rb:120:in `block in spawn_thread'
Started GET "/question_sets" for 127.0.0.1 at 2018-07-03 15:58:22 -0400
  
LoadError (Unable to autoload constant QuestionSet, expected /Users/parkerpreyer/Momentum/Final_Project/tail/doggo/app/models/question_set.rb to define it):
  
activesupport (5.2.0) lib/active_support/dependencies.rb:503:in `load_missing_constant'
activesupport (5.2.0) lib/active_support/dependencies.rb:193:in `const_missing'
activesupport (5.2.0) lib/active_support/inflector/methods.rb:283:in `const_get'
activesupport (5.2.0) lib/active_support/inflector/methods.rb:283:in `block in constantize'
activesupport (5.2.0) lib/active_support/inflector/methods.rb:281:in `each'
activesupport (5.2.0) lib/active_support/inflector/methods.rb:281:in `inject'
activesupport (5.2.0) lib/active_support/inflector/methods.rb:281:in `constantize'
activesupport (5.2.0) lib/active_support/inflector/methods.rb:326:in `safe_constantize'
activesupport (5.2.0) lib/active_support/core_ext/string/inflections.rb:79:in `safe_constantize'
actionpack (5.2.0) lib/action_controller/metal/params_wrapper.rb:157:in `_default_wrap_model'
actionpack (5.2.0) lib/action_controller/metal/params_wrapper.rb:96:in `block in model'
/Users/parkerpreyer/.rbenv/versions/2.5.0/lib/ruby/2.5.0/mutex_m.rb:71:in `synchronize'
/Users/parkerpreyer/.rbenv/versions/2.5.0/lib/ruby/2.5.0/mutex_m.rb:71:in `mu_synchronize'
actionpack (5.2.0) lib/action_controller/metal/params_wrapper.rb:96:in `model'
actionpack (5.2.0) lib/action_controller/metal/params_wrapper.rb:131:in `name'
actionpack (5.2.0) lib/action_controller/metal/params_wrapper.rb:263:in `_wrapper_key'
actionpack (5.2.0) lib/action_controller/metal/params_wrapper.rb:290:in `_wrapper_enabled?'
actionpack (5.2.0) lib/action_controller/metal/params_wrapper.rb:244:in `process_action'
activerecord (5.2.0) lib/active_record/railties/controller_runtime.rb:24:in `process_action'
actionpack (5.2.0) lib/abstract_controller/base.rb:134:in `process'
actionview (5.2.0) lib/action_view/rendering.rb:32:in `process'
actionpack (5.2.0) lib/action_controller/metal.rb:191:in `dispatch'
actionpack (5.2.0) lib/action_controller/metal.rb:252:in `dispatch'
actionpack (5.2.0) lib/action_dispatch/routing/route_set.rb:52:in `dispatch'
actionpack (5.2.0) lib/action_dispatch/routing/route_set.rb:34:in `serve'
actionpack (5.2.0) lib/action_dispatch/journey/router.rb:52:in `block in serve'
actionpack (5.2.0) lib/action_dispatch/journey/router.rb:35:in `each'
actionpack (5.2.0) lib/action_dispatch/journey/router.rb:35:in `serve'
actionpack (5.2.0) lib/action_dispatch/routing/route_set.rb:840:in `call'
bullet (5.7.5) lib/bullet/rack.rb:14:in `call'
rack (2.0.5) lib/rack/session/abstract/id.rb:232:in `context'
rack (2.0.5) lib/rack/session/abstract/id.rb:226:in `call'
actionpack (5.2.0) lib/action_dispatch/middleware/cookies.rb:670:in `call'
rack (2.0.5) lib/rack/method_override.rb:22:in `call'
rack (2.0.5) lib/rack/etag.rb:25:in `call'
rack (2.0.5) lib/rack/conditional_get.rb:25:in `call'
rack (2.0.5) lib/rack/head.rb:12:in `call'
activerecord (5.2.0) lib/active_record/migration.rb:559:in `call'
actionpack (5.2.0) lib/action_dispatch/middleware/callbacks.rb:28:in `block in call'
activesupport (5.2.0) lib/active_support/callbacks.rb:98:in `run_callbacks'
actionpack (5.2.0) lib/action_dispatch/middleware/callbacks.rb:26:in `call'
actionpack (5.2.0) lib/action_dispatch/middleware/debug_exceptions.rb:61:in `call'
actionpack (5.2.0) lib/action_dispatch/middleware/show_exceptions.rb:33:in `call'
railties (5.2.0) lib/rails/rack/logger.rb:38:in `call_app'
railties (5.2.0) lib/rails/rack/logger.rb:26:in `block in call'
activesupport (5.2.0) lib/active_support/tagged_logging.rb:71:in `block in tagged'
activesupport (5.2.0) lib/active_support/tagged_logging.rb:28:in `tagged'
activesupport (5.2.0) lib/active_support/tagged_logging.rb:71:in `tagged'
railties (5.2.0) lib/rails/rack/logger.rb:26:in `call'
actionpack (5.2.0) lib/action_dispatch/middleware/remote_ip.rb:81:in `call'
actionpack (5.2.0) lib/action_dispatch/middleware/request_id.rb:27:in `call'
rack (2.0.5) lib/rack/runtime.rb:22:in `call'
activesupport (5.2.0) lib/active_support/cache/strategy/local_cache_middleware.rb:29:in `call'
actionpack (5.2.0) lib/action_dispatch/middleware/executor.rb:14:in `call'
actionpack (5.2.0) lib/action_dispatch/middleware/static.rb:127:in `call'
rack (2.0.5) lib/rack/sendfile.rb:111:in `call'
rack-cors (1.0.2) lib/rack/cors.rb:97:in `call'
railties (5.2.0) lib/rails/engine.rb:524:in `call'
puma (3.11.4) lib/puma/configuration.rb:225:in `call'
puma (3.11.4) lib/puma/server.rb:632:in `handle_request'
puma (3.11.4) lib/puma/server.rb:446:in `process_client'
puma (3.11.4) lib/puma/server.rb:306:in `block in run'
puma (3.11.4) lib/puma/thread_pool.rb:120:in `block in spawn_thread'
Started GET "/rails/info" for 127.0.0.1 at 2018-07-03 15:59:23 -0400
  [1m[35m (0.7ms)[0m  [1m[34mSELECT "schema_migrations"."version" FROM "schema_migrations" ORDER BY "schema_migrations"."version" ASC[0m
  ↳ /Users/parkerpreyer/.rbenv/versions/2.5.0/lib/ruby/gems/2.5.0/gems/activerecord-5.2.0/lib/active_record/log_subscriber.rb:98
Processing by Rails::InfoController#index as HTML
Redirected to http://localhost:3000/rails/info/routes
Completed 302 Found in 2ms (ActiveRecord: 0.0ms)


Started GET "/rails/info/routes" for 127.0.0.1 at 2018-07-03 15:59:23 -0400
Processing by Rails::InfoController#routes as HTML
  Rendering /Users/parkerpreyer/.rbenv/versions/2.5.0/lib/ruby/gems/2.5.0/gems/railties-5.2.0/lib/rails/templates/rails/info/routes.html.erb within layouts/application
  Rendered collection of /Users/parkerpreyer/.rbenv/versions/2.5.0/lib/ruby/gems/2.5.0/gems/actionpack-5.2.0/lib/action_dispatch/middleware/templates/routes/_route.html.erb [59 times] (19.5ms)
  Rendered /Users/parkerpreyer/.rbenv/versions/2.5.0/lib/ruby/gems/2.5.0/gems/actionpack-5.2.0/lib/action_dispatch/middleware/templates/routes/_table.html.erb (15.1ms)
  Rendered /Users/parkerpreyer/.rbenv/versions/2.5.0/lib/ruby/gems/2.5.0/gems/railties-5.2.0/lib/rails/templates/rails/info/routes.html.erb within layouts/application (51.5ms)
Completed 200 OK in 83ms (Views: 70.9ms | ActiveRecord: 0.0ms)


Started GET "/question_sets" for 127.0.0.1 at 2018-07-03 16:00:04 -0400
  
LoadError (Unable to autoload constant QuestionSet, expected /Users/parkerpreyer/Momentum/Final_Project/tail/doggo/app/models/question_set.rb to define it):
  
activesupport (5.2.0) lib/active_support/dependencies.rb:503:in `load_missing_constant'
activesupport (5.2.0) lib/active_support/dependencies.rb:193:in `const_missing'
activesupport (5.2.0) lib/active_support/inflector/methods.rb:283:in `const_get'
activesupport (5.2.0) lib/active_support/inflector/methods.rb:283:in `block in constantize'
activesupport (5.2.0) lib/active_support/inflector/methods.rb:281:in `each'
activesupport (5.2.0) lib/active_support/inflector/methods.rb:281:in `inject'
activesupport (5.2.0) lib/active_support/inflector/methods.rb:281:in `constantize'
activesupport (5.2.0) lib/active_support/inflector/methods.rb:326:in `safe_constantize'
activesupport (5.2.0) lib/active_support/core_ext/string/inflections.rb:79:in `safe_constantize'
actionpack (5.2.0) lib/action_controller/metal/params_wrapper.rb:157:in `_default_wrap_model'
actionpack (5.2.0) lib/action_controller/metal/params_wrapper.rb:96:in `block in model'
/Users/parkerpreyer/.rbenv/versions/2.5.0/lib/ruby/2.5.0/mutex_m.rb:71:in `synchronize'
/Users/parkerpreyer/.rbenv/versions/2.5.0/lib/ruby/2.5.0/mutex_m.rb:71:in `mu_synchronize'
actionpack (5.2.0) lib/action_controller/metal/params_wrapper.rb:96:in `model'
actionpack (5.2.0) lib/action_controller/metal/params_wrapper.rb:131:in `name'
actionpack (5.2.0) lib/action_controller/metal/params_wrapper.rb:263:in `_wrapper_key'
actionpack (5.2.0) lib/action_controller/metal/params_wrapper.rb:290:in `_wrapper_enabled?'
actionpack (5.2.0) lib/action_controller/metal/params_wrapper.rb:244:in `process_action'
activerecord (5.2.0) lib/active_record/railties/controller_runtime.rb:24:in `process_action'
actionpack (5.2.0) lib/abstract_controller/base.rb:134:in `process'
actionview (5.2.0) lib/action_view/rendering.rb:32:in `process'
actionpack (5.2.0) lib/action_controller/metal.rb:191:in `dispatch'
actionpack (5.2.0) lib/action_controller/metal.rb:252:in `dispatch'
actionpack (5.2.0) lib/action_dispatch/routing/route_set.rb:52:in `dispatch'
actionpack (5.2.0) lib/action_dispatch/routing/route_set.rb:34:in `serve'
actionpack (5.2.0) lib/action_dispatch/journey/router.rb:52:in `block in serve'
actionpack (5.2.0) lib/action_dispatch/journey/router.rb:35:in `each'
actionpack (5.2.0) lib/action_dispatch/journey/router.rb:35:in `serve'
actionpack (5.2.0) lib/action_dispatch/routing/route_set.rb:840:in `call'
bullet (5.7.5) lib/bullet/rack.rb:14:in `call'
rack (2.0.5) lib/rack/session/abstract/id.rb:232:in `context'
rack (2.0.5) lib/rack/session/abstract/id.rb:226:in `call'
actionpack (5.2.0) lib/action_dispatch/middleware/cookies.rb:670:in `call'
rack (2.0.5) lib/rack/method_override.rb:22:in `call'
rack (2.0.5) lib/rack/etag.rb:25:in `call'
rack (2.0.5) lib/rack/conditional_get.rb:25:in `call'
rack (2.0.5) lib/rack/head.rb:12:in `call'
activerecord (5.2.0) lib/active_record/migration.rb:559:in `call'
actionpack (5.2.0) lib/action_dispatch/middleware/callbacks.rb:28:in `block in call'
activesupport (5.2.0) lib/active_support/callbacks.rb:98:in `run_callbacks'
actionpack (5.2.0) lib/action_dispatch/middleware/callbacks.rb:26:in `call'
actionpack (5.2.0) lib/action_dispatch/middleware/debug_exceptions.rb:61:in `call'
actionpack (5.2.0) lib/action_dispatch/middleware/show_exceptions.rb:33:in `call'
railties (5.2.0) lib/rails/rack/logger.rb:38:in `call_app'
railties (5.2.0) lib/rails/rack/logger.rb:26:in `block in call'
activesupport (5.2.0) lib/active_support/tagged_logging.rb:71:in `block in tagged'
activesupport (5.2.0) lib/active_support/tagged_logging.rb:28:in `tagged'
activesupport (5.2.0) lib/active_support/tagged_logging.rb:71:in `tagged'
railties (5.2.0) lib/rails/rack/logger.rb:26:in `call'
actionpack (5.2.0) lib/action_dispatch/middleware/remote_ip.rb:81:in `call'
actionpack (5.2.0) lib/action_dispatch/middleware/request_id.rb:27:in `call'
rack (2.0.5) lib/rack/runtime.rb:22:in `call'
activesupport (5.2.0) lib/active_support/cache/strategy/local_cache_middleware.rb:29:in `call'
actionpack (5.2.0) lib/action_dispatch/middleware/executor.rb:14:in `call'
actionpack (5.2.0) lib/action_dispatch/middleware/static.rb:127:in `call'
rack (2.0.5) lib/rack/sendfile.rb:111:in `call'
rack-cors (1.0.2) lib/rack/cors.rb:97:in `call'
railties (5.2.0) lib/rails/engine.rb:524:in `call'
puma (3.11.4) lib/puma/configuration.rb:225:in `call'
puma (3.11.4) lib/puma/server.rb:632:in `handle_request'
puma (3.11.4) lib/puma/server.rb:446:in `process_client'
puma (3.11.4) lib/puma/server.rb:306:in `block in run'
puma (3.11.4) lib/puma/thread_pool.rb:120:in `block in spawn_thread'
Started POST "/question_sets?source=breeder" for 127.0.0.1 at 2018-07-03 16:03:07 -0400
Processing by QuestionSetsController#create as */*
  Parameters: {"source"=>"breeder"}
Completed 500 Internal Server Error in 124ms (ActiveRecord: 0.0ms)


  
NameError (undefined local variable or method `question_set' for #<QuestionSetsController:0x00007f8e8929cb00>
Did you mean?  question_path
               question_url):
  
app/controllers/question_sets_controller.rb:11:in `create'
Started POST "/question_sets?source=breeder" for 127.0.0.1 at 2018-07-03 16:04:32 -0400
  [1m[35m (7.4ms)[0m  [1m[34mSELECT "schema_migrations"."version" FROM "schema_migrations" ORDER BY "schema_migrations"."version" ASC[0m
  ↳ /Users/parkerpreyer/.rbenv/versions/2.5.0/lib/ruby/gems/2.5.0/gems/activerecord-5.2.0/lib/active_record/log_subscriber.rb:98
Processing by QuestionSetsController#create as */*
  Parameters: {"source"=>"breeder"}
Completed 500 Internal Server Error in 10ms (ActiveRecord: 0.0ms)


  
LoadError (Unable to autoload constant Question_set, expected /Users/parkerpreyer/Momentum/Final_Project/tail/doggo/app/models/question_set.rb to define it):
  
app/controllers/question_sets_controller.rb:11:in `create'
Started POST "/question_sets?source=breeder" for 127.0.0.1 at 2018-07-03 16:05:27 -0400
  [1m[35m (0.9ms)[0m  [1m[34mSELECT "schema_migrations"."version" FROM "schema_migrations" ORDER BY "schema_migrations"."version" ASC[0m
  ↳ /Users/parkerpreyer/.rbenv/versions/2.5.0/lib/ruby/gems/2.5.0/gems/activerecord-5.2.0/lib/active_record/log_subscriber.rb:98
Processing by QuestionSetsController#create as */*
  Parameters: {"source"=>"breeder"}
Completed 500 Internal Server Error in 11ms (ActiveRecord: 0.0ms)


  
LoadError (Unable to autoload constant Question_set, expected /Users/parkerpreyer/Momentum/Final_Project/tail/doggo/app/models/question_set.rb to define it):
  
app/controllers/question_sets_controller.rb:11:in `create'
Started POST "/question_sets?source=breeder" for 127.0.0.1 at 2018-07-03 16:18:08 -0400
  [1m[35m (0.8ms)[0m  [1m[34mSELECT "schema_migrations"."version" FROM "schema_migrations" ORDER BY "schema_migrations"."version" ASC[0m
  ↳ /Users/parkerpreyer/.rbenv/versions/2.5.0/lib/ruby/gems/2.5.0/gems/activerecord-5.2.0/lib/active_record/log_subscriber.rb:98
  
ActiveRecord::PendingMigrationError (

Migrations are pending. To resolve this issue, run:

        bin/rails db:migrate RAILS_ENV=development

):
  
activerecord (5.2.0) lib/active_record/migration.rb:579:in `check_pending!'
activerecord (5.2.0) lib/active_record/migration.rb:556:in `call'
actionpack (5.2.0) lib/action_dispatch/middleware/callbacks.rb:28:in `block in call'
activesupport (5.2.0) lib/active_support/callbacks.rb:98:in `run_callbacks'
actionpack (5.2.0) lib/action_dispatch/middleware/callbacks.rb:26:in `call'
actionpack (5.2.0) lib/action_dispatch/middleware/debug_exceptions.rb:61:in `call'
actionpack (5.2.0) lib/action_dispatch/middleware/show_exceptions.rb:33:in `call'
railties (5.2.0) lib/rails/rack/logger.rb:38:in `call_app'
railties (5.2.0) lib/rails/rack/logger.rb:26:in `block in call'
activesupport (5.2.0) lib/active_support/tagged_logging.rb:71:in `block in tagged'
activesupport (5.2.0) lib/active_support/tagged_logging.rb:28:in `tagged'
activesupport (5.2.0) lib/active_support/tagged_logging.rb:71:in `tagged'
railties (5.2.0) lib/rails/rack/logger.rb:26:in `call'
actionpack (5.2.0) lib/action_dispatch/middleware/remote_ip.rb:81:in `call'
actionpack (5.2.0) lib/action_dispatch/middleware/request_id.rb:27:in `call'
rack (2.0.5) lib/rack/runtime.rb:22:in `call'
activesupport (5.2.0) lib/active_support/cache/strategy/local_cache_middleware.rb:29:in `call'
actionpack (5.2.0) lib/action_dispatch/middleware/executor.rb:14:in `call'
actionpack (5.2.0) lib/action_dispatch/middleware/static.rb:127:in `call'
rack (2.0.5) lib/rack/sendfile.rb:111:in `call'
rack-cors (1.0.2) lib/rack/cors.rb:97:in `call'
railties (5.2.0) lib/rails/engine.rb:524:in `call'
puma (3.11.4) lib/puma/configuration.rb:225:in `call'
puma (3.11.4) lib/puma/server.rb:632:in `handle_request'
puma (3.11.4) lib/puma/server.rb:446:in `process_client'
puma (3.11.4) lib/puma/server.rb:306:in `block in run'
puma (3.11.4) lib/puma/thread_pool.rb:120:in `block in spawn_thread'
  [1m[35m (0.2ms)[0m  [1m[34mSELECT pg_try_advisory_lock(4503895740962357565)[0m
  ↳ bin/rails:9
  [1m[35m (0.8ms)[0m  [1m[34mSELECT "schema_migrations"."version" FROM "schema_migrations" ORDER BY "schema_migrations"."version" ASC[0m
  ↳ bin/rails:9
Migrating to DropCreateQuestionSets (20180703201020)
  [1m[35m (0.2ms)[0m  [1m[35mBEGIN[0m
  ↳ bin/rails:9
  [1m[35m (31.6ms)[0m  [1m[35mDROP TABLE "question_sets"[0m
  ↳ db/migrate/20180703201020_drop_create_question_sets.rb:3
  [1m[36mActiveRecord::SchemaMigration Create (1.6ms)[0m  [1m[32mINSERT INTO "schema_migrations" ("version") VALUES ($1) RETURNING "version"[0m  [["version", "20180703201020"]]
  ↳ bin/rails:9
  [1m[35m (9.4ms)[0m  [1m[35mCOMMIT[0m
  ↳ bin/rails:9
Migrating to CreateQuestionSets (20180703201230)
  [1m[35m (0.5ms)[0m  [1m[34mSELECT pg_advisory_unlock(4503895740962357565)[0m
  ↳ bin/rails:9
  [1m[35m (0.3ms)[0m  [1m[34mSELECT pg_try_advisory_lock(4503895740962357565)[0m
  ↳ bin/rails:9
  [1m[35m (0.7ms)[0m  [1m[34mSELECT "schema_migrations"."version" FROM "schema_migrations" ORDER BY "schema_migrations"."version" ASC[0m
  ↳ bin/rails:9
Migrating to CreateQuestionSets (20180703201230)
  [1m[35m (0.3ms)[0m  [1m[34mSELECT pg_advisory_unlock(4503895740962357565)[0m
  ↳ bin/rails:9
  [1m[35m (0.6ms)[0m  [1m[34mSELECT pg_try_advisory_lock(4503895740962357565)[0m
  ↳ bin/rails:9
  [1m[35m (7.9ms)[0m  [1m[34mSELECT "schema_migrations"."version" FROM "schema_migrations" ORDER BY "schema_migrations"."version" ASC[0m
  ↳ bin/rails:9
Migrating to AddSourceToQuestionSets (20180703201422)
  [1m[35m (0.2ms)[0m  [1m[35mBEGIN[0m
  ↳ bin/rails:9
  [1m[35m (24.1ms)[0m  [1m[35mALTER TABLE "question_sets" ADD "source" character varying[0m
  ↳ db/migrate/20180703201422_add_source_to_question_sets.rb:3
  [1m[35m (0.2ms)[0m  [1m[31mROLLBACK[0m
  ↳ bin/rails:9
  [1m[35m (0.3ms)[0m  [1m[34mSELECT pg_advisory_unlock(4503895740962357565)[0m
  ↳ bin/rails:9
  [1m[35m (0.2ms)[0m  [1m[34mSELECT pg_try_advisory_lock(4503895740962357565)[0m
  ↳ bin/rails:9
  [1m[35m (0.7ms)[0m  [1m[34mSELECT "schema_migrations"."version" FROM "schema_migrations" ORDER BY "schema_migrations"."version" ASC[0m
  ↳ bin/rails:9
Migrating to AddSourceToQuestionSets (20180703201422)
  [1m[35m (0.2ms)[0m  [1m[35mBEGIN[0m
  ↳ bin/rails:9
  [1m[35m (0.7ms)[0m  [1m[35mALTER TABLE "question_sets" ADD "source" character varying[0m
  ↳ db/migrate/20180703201422_add_source_to_question_sets.rb:3
  [1m[35m (0.1ms)[0m  [1m[31mROLLBACK[0m
  ↳ bin/rails:9
  [1m[35m (0.3ms)[0m  [1m[34mSELECT pg_advisory_unlock(4503895740962357565)[0m
  ↳ bin/rails:9
  [1m[35m (0.4ms)[0m  [1m[34mSELECT pg_try_advisory_lock(4503895740962357565)[0m
  ↳ bin/rails:9
  [1m[35m (1.1ms)[0m  [1m[34mSELECT "schema_migrations"."version" FROM "schema_migrations" ORDER BY "schema_migrations"."version" ASC[0m
  ↳ bin/rails:9
Migrating to CreateQuestionSets (20180703201230)
  [1m[35m (0.4ms)[0m  [1m[34mSELECT pg_advisory_unlock(4503895740962357565)[0m
  ↳ bin/rails:9
  [1m[35m (0.3ms)[0m  [1m[34mSELECT pg_try_advisory_lock(4503895740962357565)[0m
  ↳ bin/rails:9
  [1m[35m (1.5ms)[0m  [1m[34mSELECT "schema_migrations"."version" FROM "schema_migrations" ORDER BY "schema_migrations"."version" ASC[0m
  ↳ bin/rails:9
Migrating to CreateQuestionSets (20180703201230)
  [1m[35m (0.3ms)[0m  [1m[35mBEGIN[0m
  ↳ bin/rails:9
  [1m[35m (29.9ms)[0m  [1m[35mCREATE TABLE "question_sets" ("id" bigserial primary key, "created_at" timestamp NOT NULL, "updated_at" timestamp NOT NULL)[0m
  ↳ db/migrate/20180703201230_create_question_sets.rb:3
  [1m[36mActiveRecord::SchemaMigration Create (0.5ms)[0m  [1m[32mINSERT INTO "schema_migrations" ("version") VALUES ($1) RETURNING "version"[0m  [["version", "20180703201230"]]
  ↳ bin/rails:9
  [1m[35m (1.6ms)[0m  [1m[35mCOMMIT[0m
  ↳ bin/rails:9
Migrating to AddSourceToQuestionSets (20180703201422)
  [1m[35m (6.9ms)[0m  [1m[35mBEGIN[0m
  ↳ bin/rails:9
  [1m[35m (14.2ms)[0m  [1m[35mALTER TABLE "question_sets" ADD "source" character varying[0m
  ↳ db/migrate/20180703201422_add_source_to_question_sets.rb:3
  [1m[36mActiveRecord::SchemaMigration Create (0.3ms)[0m  [1m[32mINSERT INTO "schema_migrations" ("version") VALUES ($1) RETURNING "version"[0m  [["version", "20180703201422"]]
  ↳ bin/rails:9
  [1m[35m (1.6ms)[0m  [1m[35mCOMMIT[0m
  ↳ bin/rails:9
  [1m[36mActiveRecord::InternalMetadata Load (0.4ms)[0m  [1m[34mSELECT  "ar_internal_metadata".* FROM "ar_internal_metadata" WHERE "ar_internal_metadata"."key" = $1 LIMIT $2[0m  [["key", "environment"], ["LIMIT", 1]]
  ↳ bin/rails:9
  [1m[35m (0.2ms)[0m  [1m[35mBEGIN[0m
  ↳ bin/rails:9
  [1m[35m (0.2ms)[0m  [1m[35mCOMMIT[0m
  ↳ bin/rails:9
  [1m[35m (0.3ms)[0m  [1m[34mSELECT pg_advisory_unlock(4503895740962357565)[0m
  ↳ bin/rails:9
  [1m[35m (0.5ms)[0m  [1m[34mSELECT "schema_migrations"."version" FROM "schema_migrations" ORDER BY "schema_migrations"."version" ASC[0m
  ↳ bin/rails:9
Started POST "/question_sets?source=breeder" for 127.0.0.1 at 2018-07-03 16:40:24 -0400
  [1m[35m (0.7ms)[0m  [1m[34mSELECT "schema_migrations"."version" FROM "schema_migrations" ORDER BY "schema_migrations"."version" ASC[0m
  ↳ /Users/parkerpreyer/.rbenv/versions/2.5.0/lib/ruby/gems/2.5.0/gems/activerecord-5.2.0/lib/active_record/log_subscriber.rb:98
Processing by QuestionSetsController#create as */*
  Parameters: {"source"=>"breeder"}
Completed 500 Internal Server Error in 14ms (ActiveRecord: 0.0ms)


  
LoadError (Unable to autoload constant Question_set, expected /Users/parkerpreyer/Momentum/Final_Project/tail/doggo/app/models/question_set.rb to define it):
  
app/controllers/question_sets_controller.rb:11:in `create'
Started POST "/questions" for 127.0.0.1 at 2018-07-03 16:41:15 -0400
Processing by QuestionsController#create as */*
Completed 400 Bad Request in 49ms (ActiveRecord: 0.0ms)


  
ActionController::ParameterMissing (param is missing or the value is empty: question):
  
app/controllers/questions_controller.rb:41:in `question_params'
app/controllers/questions_controller.rb:12:in `create'
Started POST "/questions" for 127.0.0.1 at 2018-07-03 16:42:11 -0400
  [1m[35m (0.8ms)[0m  [1m[34mSELECT "schema_migrations"."version" FROM "schema_migrations" ORDER BY "schema_migrations"."version" ASC[0m
  ↳ /Users/parkerpreyer/.rbenv/versions/2.5.0/lib/ruby/gems/2.5.0/gems/activerecord-5.2.0/lib/active_record/log_subscriber.rb:98
Processing by QuestionsController#create as */*
Completed 400 Bad Request in 18ms (ActiveRecord: 0.0ms)


  
ActionController::ParameterMissing (param is missing or the value is empty: question):
  
app/controllers/questions_controller.rb:41:in `question_params'
app/controllers/questions_controller.rb:12:in `create'
Started POST "/questions_set?source=breeder" for 127.0.0.1 at 2018-07-03 16:48:54 -0400
  [1m[35m (0.7ms)[0m  [1m[34mSELECT "schema_migrations"."version" FROM "schema_migrations" ORDER BY "schema_migrations"."version" ASC[0m
  ↳ /Users/parkerpreyer/.rbenv/versions/2.5.0/lib/ruby/gems/2.5.0/gems/activerecord-5.2.0/lib/active_record/log_subscriber.rb:98
  
ActionController::RoutingError (No route matches [POST] "/questions_set"):
  
actionpack (5.2.0) lib/action_dispatch/middleware/debug_exceptions.rb:65:in `call'
actionpack (5.2.0) lib/action_dispatch/middleware/show_exceptions.rb:33:in `call'
railties (5.2.0) lib/rails/rack/logger.rb:38:in `call_app'
railties (5.2.0) lib/rails/rack/logger.rb:26:in `block in call'
activesupport (5.2.0) lib/active_support/tagged_logging.rb:71:in `block in tagged'
activesupport (5.2.0) lib/active_support/tagged_logging.rb:28:in `tagged'
activesupport (5.2.0) lib/active_support/tagged_logging.rb:71:in `tagged'
railties (5.2.0) lib/rails/rack/logger.rb:26:in `call'
actionpack (5.2.0) lib/action_dispatch/middleware/remote_ip.rb:81:in `call'
actionpack (5.2.0) lib/action_dispatch/middleware/request_id.rb:27:in `call'
rack (2.0.5) lib/rack/runtime.rb:22:in `call'
activesupport (5.2.0) lib/active_support/cache/strategy/local_cache_middleware.rb:29:in `call'
actionpack (5.2.0) lib/action_dispatch/middleware/executor.rb:14:in `call'
actionpack (5.2.0) lib/action_dispatch/middleware/static.rb:127:in `call'
rack (2.0.5) lib/rack/sendfile.rb:111:in `call'
rack-cors (1.0.2) lib/rack/cors.rb:97:in `call'
railties (5.2.0) lib/rails/engine.rb:524:in `call'
puma (3.11.4) lib/puma/configuration.rb:225:in `call'
puma (3.11.4) lib/puma/server.rb:632:in `handle_request'
puma (3.11.4) lib/puma/server.rb:446:in `process_client'
puma (3.11.4) lib/puma/server.rb:306:in `block in run'
puma (3.11.4) lib/puma/thread_pool.rb:120:in `block in spawn_thread'
Started POST "/questions_sets?source=breeder" for 127.0.0.1 at 2018-07-03 16:49:03 -0400
  
ActionController::RoutingError (No route matches [POST] "/questions_sets"):
  
actionpack (5.2.0) lib/action_dispatch/middleware/debug_exceptions.rb:65:in `call'
actionpack (5.2.0) lib/action_dispatch/middleware/show_exceptions.rb:33:in `call'
railties (5.2.0) lib/rails/rack/logger.rb:38:in `call_app'
railties (5.2.0) lib/rails/rack/logger.rb:26:in `block in call'
activesupport (5.2.0) lib/active_support/tagged_logging.rb:71:in `block in tagged'
activesupport (5.2.0) lib/active_support/tagged_logging.rb:28:in `tagged'
activesupport (5.2.0) lib/active_support/tagged_logging.rb:71:in `tagged'
railties (5.2.0) lib/rails/rack/logger.rb:26:in `call'
actionpack (5.2.0) lib/action_dispatch/middleware/remote_ip.rb:81:in `call'
actionpack (5.2.0) lib/action_dispatch/middleware/request_id.rb:27:in `call'
rack (2.0.5) lib/rack/runtime.rb:22:in `call'
activesupport (5.2.0) lib/active_support/cache/strategy/local_cache_middleware.rb:29:in `call'
actionpack (5.2.0) lib/action_dispatch/middleware/executor.rb:14:in `call'
actionpack (5.2.0) lib/action_dispatch/middleware/static.rb:127:in `call'
rack (2.0.5) lib/rack/sendfile.rb:111:in `call'
rack-cors (1.0.2) lib/rack/cors.rb:97:in `call'
railties (5.2.0) lib/rails/engine.rb:524:in `call'
puma (3.11.4) lib/puma/configuration.rb:225:in `call'
puma (3.11.4) lib/puma/server.rb:632:in `handle_request'
puma (3.11.4) lib/puma/server.rb:446:in `process_client'
puma (3.11.4) lib/puma/server.rb:306:in `block in run'
puma (3.11.4) lib/puma/thread_pool.rb:120:in `block in spawn_thread'
Started GET "/rails/info/routes" for 127.0.0.1 at 2018-07-03 16:50:29 -0400
  [1m[35m (0.6ms)[0m  [1m[34mSELECT "schema_migrations"."version" FROM "schema_migrations" ORDER BY "schema_migrations"."version" ASC[0m
  ↳ /Users/parkerpreyer/.rbenv/versions/2.5.0/lib/ruby/gems/2.5.0/gems/activerecord-5.2.0/lib/active_record/log_subscriber.rb:98
Processing by Rails::InfoController#routes as HTML
  Rendering /Users/parkerpreyer/.rbenv/versions/2.5.0/lib/ruby/gems/2.5.0/gems/railties-5.2.0/lib/rails/templates/rails/info/routes.html.erb within layouts/application
  Rendered collection of /Users/parkerpreyer/.rbenv/versions/2.5.0/lib/ruby/gems/2.5.0/gems/actionpack-5.2.0/lib/action_dispatch/middleware/templates/routes/_route.html.erb [59 times] (28.4ms)
  Rendered /Users/parkerpreyer/.rbenv/versions/2.5.0/lib/ruby/gems/2.5.0/gems/actionpack-5.2.0/lib/action_dispatch/middleware/templates/routes/_table.html.erb (13.4ms)
  Rendered /Users/parkerpreyer/.rbenv/versions/2.5.0/lib/ruby/gems/2.5.0/gems/railties-5.2.0/lib/rails/templates/rails/info/routes.html.erb within layouts/application (55.8ms)
Completed 200 OK in 83ms (Views: 72.5ms | ActiveRecord: 0.0ms)


Started POST "/question_sets?source=breeder" for 127.0.0.1 at 2018-07-03 16:50:47 -0400
Processing by QuestionSetsController#create as */*
  Parameters: {"source"=>"breeder"}
Completed 500 Internal Server Error in 14ms (ActiveRecord: 0.0ms)


  
LoadError (Unable to autoload constant Question_set, expected /Users/parkerpreyer/Momentum/Final_Project/tail/doggo/app/models/question_set.rb to define it):
  
app/controllers/question_sets_controller.rb:11:in `create'
  [1m[35m (0.2ms)[0m  [1m[34mSELECT pg_try_advisory_lock(4503895740962357565)[0m
  ↳ bin/rails:9
  [1m[35m (0.7ms)[0m  [1m[34mSELECT "schema_migrations"."version" FROM "schema_migrations" ORDER BY "schema_migrations"."version" ASC[0m
  ↳ bin/rails:9
Migrating to DropQuestionSets (20180703205637)
  [1m[35m (0.2ms)[0m  [1m[35mBEGIN[0m
  ↳ bin/rails:9
  [1m[35m (1.9ms)[0m  [1m[35mDROP TABLE "question_sets"[0m
  ↳ db/migrate/20180703205637_drop_question_sets.rb:3
  [1m[36mActiveRecord::SchemaMigration Create (6.6ms)[0m  [1m[32mINSERT INTO "schema_migrations" ("version") VALUES ($1) RETURNING "version"[0m  [["version", "20180703205637"]]
  ↳ bin/rails:9
  [1m[35m (20.6ms)[0m  [1m[35mCOMMIT[0m
  ↳ bin/rails:9
Migrating to CreateCategories (20180703210047)
  [1m[35m (0.2ms)[0m  [1m[35mBEGIN[0m
  ↳ bin/rails:9
  [1m[35m (4.5ms)[0m  [1m[35mCREATE TABLE "categories" ("id" bigserial primary key, "created_at" timestamp NOT NULL, "updated_at" timestamp NOT NULL)[0m
  ↳ db/migrate/20180703210047_create_categories.rb:3
  [1m[36mActiveRecord::SchemaMigration Create (0.5ms)[0m  [1m[32mINSERT INTO "schema_migrations" ("version") VALUES ($1) RETURNING "version"[0m  [["version", "20180703210047"]]
  ↳ bin/rails:9
  [1m[35m (2.2ms)[0m  [1m[35mCOMMIT[0m
  ↳ bin/rails:9
Migrating to AddSourceToCategory (20180703210342)
  [1m[35m (0.3ms)[0m  [1m[35mBEGIN[0m
  ↳ bin/rails:9
  [1m[35m (2.5ms)[0m  [1m[35mALTER TABLE "categories" ADD "source" character varying[0m
  ↳ db/migrate/20180703210342_add_source_to_category.rb:3
  [1m[36mActiveRecord::SchemaMigration Create (0.3ms)[0m  [1m[32mINSERT INTO "schema_migrations" ("version") VALUES ($1) RETURNING "version"[0m  [["version", "20180703210342"]]
  ↳ bin/rails:9
  [1m[35m (1.5ms)[0m  [1m[35mCOMMIT[0m
  ↳ bin/rails:9
  [1m[36mActiveRecord::InternalMetadata Load (0.3ms)[0m  [1m[34mSELECT  "ar_internal_metadata".* FROM "ar_internal_metadata" WHERE "ar_internal_metadata"."key" = $1 LIMIT $2[0m  [["key", "environment"], ["LIMIT", 1]]
  ↳ bin/rails:9
  [1m[35m (0.2ms)[0m  [1m[35mBEGIN[0m
  ↳ bin/rails:9
  [1m[35m (0.2ms)[0m  [1m[35mCOMMIT[0m
  ↳ bin/rails:9
  [1m[35m (0.2ms)[0m  [1m[34mSELECT pg_advisory_unlock(4503895740962357565)[0m
  ↳ bin/rails:9
  [1m[35m (0.3ms)[0m  [1m[34mSELECT "schema_migrations"."version" FROM "schema_migrations" ORDER BY "schema_migrations"."version" ASC[0m
  ↳ bin/rails:9
Started GET "/rails/info/routes" for 127.0.0.1 at 2018-07-03 17:13:29 -0400
  [1m[35m (8.4ms)[0m  [1m[34mSELECT "schema_migrations"."version" FROM "schema_migrations" ORDER BY "schema_migrations"."version" ASC[0m
  ↳ /Users/parkerpreyer/.rbenv/versions/2.5.0/lib/ruby/gems/2.5.0/gems/activerecord-5.2.0/lib/active_record/log_subscriber.rb:98
Processing by Rails::InfoController#routes as HTML
  Rendering /Users/parkerpreyer/.rbenv/versions/2.5.0/lib/ruby/gems/2.5.0/gems/railties-5.2.0/lib/rails/templates/rails/info/routes.html.erb within layouts/application
  Rendered collection of /Users/parkerpreyer/.rbenv/versions/2.5.0/lib/ruby/gems/2.5.0/gems/actionpack-5.2.0/lib/action_dispatch/middleware/templates/routes/_route.html.erb [59 times] (18.4ms)
  Rendered /Users/parkerpreyer/.rbenv/versions/2.5.0/lib/ruby/gems/2.5.0/gems/actionpack-5.2.0/lib/action_dispatch/middleware/templates/routes/_table.html.erb (13.6ms)
  Rendered /Users/parkerpreyer/.rbenv/versions/2.5.0/lib/ruby/gems/2.5.0/gems/railties-5.2.0/lib/rails/templates/rails/info/routes.html.erb within layouts/application (47.6ms)
Completed 200 OK in 79ms (Views: 64.4ms | ActiveRecord: 0.0ms)


Started GET "/rails/info/routes" for 127.0.0.1 at 2018-07-03 17:13:31 -0400
Processing by Rails::InfoController#routes as HTML
  Rendering /Users/parkerpreyer/.rbenv/versions/2.5.0/lib/ruby/gems/2.5.0/gems/railties-5.2.0/lib/rails/templates/rails/info/routes.html.erb within layouts/application
  Rendered collection of /Users/parkerpreyer/.rbenv/versions/2.5.0/lib/ruby/gems/2.5.0/gems/actionpack-5.2.0/lib/action_dispatch/middleware/templates/routes/_route.html.erb [59 times] (23.8ms)
  Rendered /Users/parkerpreyer/.rbenv/versions/2.5.0/lib/ruby/gems/2.5.0/gems/actionpack-5.2.0/lib/action_dispatch/middleware/templates/routes/_table.html.erb (0.3ms)
  Rendered /Users/parkerpreyer/.rbenv/versions/2.5.0/lib/ruby/gems/2.5.0/gems/railties-5.2.0/lib/rails/templates/rails/info/routes.html.erb within layouts/application (27.0ms)
Completed 200 OK in 28ms (Views: 27.7ms | ActiveRecord: 0.0ms)


Started POST "/categories?source=breeder" for 127.0.0.1 at 2018-07-03 17:13:55 -0400
Processing by CategoriesController#create as */*
  Parameters: {"source"=>"breeder"}
Completed 400 Bad Request in 11ms (ActiveRecord: 0.0ms)


  
ActionController::ParameterMissing (param is missing or the value is empty: category):
  
app/controllers/categories_controller.rb:40:in `category_params'
app/controllers/categories_controller.rb:11:in `create'
Started POST "/categories?source=breeder" for 127.0.0.1 at 2018-07-03 17:14:49 -0400
  [1m[35m (0.7ms)[0m  [1m[34mSELECT "schema_migrations"."version" FROM "schema_migrations" ORDER BY "schema_migrations"."version" ASC[0m
  ↳ /Users/parkerpreyer/.rbenv/versions/2.5.0/lib/ruby/gems/2.5.0/gems/activerecord-5.2.0/lib/active_record/log_subscriber.rb:98
Processing by CategoriesController#create as */*
  Parameters: {"source"=>"breeder"}
  [1m[35m (0.2ms)[0m  [1m[35mBEGIN[0m
  ↳ app/controllers/categories_controller.rb:12
  [1m[36mCategory Create (2.9ms)[0m  [1m[32mINSERT INTO "categories" ("created_at", "updated_at", "source") VALUES ($1, $2, $3) RETURNING "id"[0m  [["created_at", "2018-07-03 21:14:49.605669"], ["updated_at", "2018-07-03 21:14:49.605669"], ["source", "breeder"]]
  ↳ app/controllers/categories_controller.rb:12
  [1m[35m (6.8ms)[0m  [1m[35mCOMMIT[0m
  ↳ app/controllers/categories_controller.rb:12
Completed 500 Internal Server Error in 56ms (ActiveRecord: 14.8ms)


  
ActionView::MissingTemplate (Missing template categories/show, application/show with {:locale=>[:en], :formats=>[:json], :variants=>[], :handlers=>[:raw, :erb, :html, :builder, :ruby, :jbuilder]}. Searched in:
  * "/Users/parkerpreyer/Momentum/Final_Project/tail/doggo/app/views"
):
  
app/controllers/categories_controller.rb:14:in `block (2 levels) in create'
app/controllers/categories_controller.rb:13:in `create'
Started POST "/categories?source=breeder" for 127.0.0.1 at 2018-07-03 17:16:26 -0400
  [1m[35m (0.8ms)[0m  [1m[34mSELECT "schema_migrations"."version" FROM "schema_migrations" ORDER BY "schema_migrations"."version" ASC[0m
  ↳ /Users/parkerpreyer/.rbenv/versions/2.5.0/lib/ruby/gems/2.5.0/gems/activerecord-5.2.0/lib/active_record/log_subscriber.rb:98
Processing by CategoriesController#create as */*
  Parameters: {"source"=>"breeder"}
  [1m[35m (0.2ms)[0m  [1m[35mBEGIN[0m
  ↳ app/controllers/categories_controller.rb:12
  [1m[36mCategory Create (0.6ms)[0m  [1m[32mINSERT INTO "categories" ("created_at", "updated_at", "source") VALUES ($1, $2, $3) RETURNING "id"[0m  [["created_at", "2018-07-03 21:16:26.820556"], ["updated_at", "2018-07-03 21:16:26.820556"], ["source", "breeder"]]
  ↳ app/controllers/categories_controller.rb:12
  [1m[35m (5.8ms)[0m  [1m[35mCOMMIT[0m
  ↳ app/controllers/categories_controller.rb:12
  Rendering categories/show.json.jbuilder
  Rendered categories/show.json.jbuilder (63.9ms)
Completed 500 Internal Server Error in 117ms (ActiveRecord: 13.5ms)


  
ActionView::Template::Error (PG::UndefinedColumn: ERROR:  column questions.category_id does not exist
LINE 1: SELECT "questions".* FROM "questions" WHERE "questions"."cat...
                                                    ^
: SELECT "questions".* FROM "questions" WHERE "questions"."category_id" = $1):
    3:     json.source @category.source
    4:     json.questions @category.questions
    5: end
  
app/views/categories/show.json.jbuilder:6:in `_app_views_categories_show_json_jbuilder___222396917315370572_70151387762160'
app/controllers/categories_controller.rb:14:in `block (2 levels) in create'
app/controllers/categories_controller.rb:13:in `create'
Started POST "/categories?source=breeder" for 127.0.0.1 at 2018-07-03 17:17:07 -0400
Processing by CategoriesController#create as */*
  Parameters: {"source"=>"breeder"}
  [1m[35m (1.2ms)[0m  [1m[35mBEGIN[0m
  ↳ app/controllers/categories_controller.rb:12
  [1m[36mCategory Create (0.4ms)[0m  [1m[32mINSERT INTO "categories" ("created_at", "updated_at", "source") VALUES ($1, $2, $3) RETURNING "id"[0m  [["created_at", "2018-07-03 21:17:07.314221"], ["updated_at", "2018-07-03 21:17:07.314221"], ["source", "breeder"]]
  ↳ app/controllers/categories_controller.rb:12
  [1m[35m (5.9ms)[0m  [1m[35mCOMMIT[0m
  ↳ app/controllers/categories_controller.rb:12
  Rendering categories/show.json.jbuilder
  Rendered categories/show.json.jbuilder (11.5ms)
Completed 500 Internal Server Error in 26ms (ActiveRecord: 7.5ms)


  
ActionView::Template::Error (PG::UndefinedColumn: ERROR:  column questions.category_id does not exist
LINE 1: SELECT "questions".* FROM "questions" WHERE "questions"."cat...
                                                    ^
: SELECT "questions".* FROM "questions" WHERE "questions"."category_id" = $1):
    3:     json.source @category.source
    4: end
  
app/views/categories/show.json.jbuilder:6:in `_app_views_categories_show_json_jbuilder___222396917315370572_70151387762160'
app/controllers/categories_controller.rb:14:in `block (2 levels) in create'
app/controllers/categories_controller.rb:13:in `create'
Started GET "/categories/1" for 127.0.0.1 at 2018-07-03 17:19:23 -0400
Processing by CategoriesController#show as */*
  Parameters: {"id"=>"1", "category"=>{}}
  [1m[36mCategory Load (0.5ms)[0m  [1m[34mSELECT  "categories".* FROM "categories" WHERE "categories"."id" = $1 LIMIT $2[0m  [["id", 1], ["LIMIT", 1]]
  ↳ app/controllers/categories_controller.rb:7
  Rendering categories/show.json.jbuilder
  Rendered categories/show.json.jbuilder (0.7ms)
Completed 200 OK in 42ms (Views: 1.8ms | ActiveRecord: 0.5ms)


Started POST "/categories?source=rescue" for 127.0.0.1 at 2018-07-03 17:20:40 -0400
  [1m[35m (0.7ms)[0m  [1m[34mSELECT "schema_migrations"."version" FROM "schema_migrations" ORDER BY "schema_migrations"."version" ASC[0m
  ↳ /Users/parkerpreyer/.rbenv/versions/2.5.0/lib/ruby/gems/2.5.0/gems/activerecord-5.2.0/lib/active_record/log_subscriber.rb:98
Processing by CategoriesController#create as */*
  Parameters: {"source"=>"rescue"}
  [1m[35m (0.2ms)[0m  [1m[35mBEGIN[0m
  ↳ app/controllers/categories_controller.rb:12
  [1m[36mCategory Create (0.7ms)[0m  [1m[32mINSERT INTO "categories" ("created_at", "updated_at", "source") VALUES ($1, $2, $3) RETURNING "id"[0m  [["created_at", "2018-07-03 21:20:40.410392"], ["updated_at", "2018-07-03 21:20:40.410392"], ["source", "rescue"]]
  ↳ app/controllers/categories_controller.rb:12
  [1m[35m (6.2ms)[0m  [1m[35mCOMMIT[0m
  ↳ app/controllers/categories_controller.rb:12
Completed 500 Internal Server Error in 46ms (ActiveRecord: 11.4ms)


  
ActionView::MissingTemplate (Missing partial categories/_category with {:locale=>[:en], :formats=>[:json], :variants=>[], :handlers=>[:raw, :erb, :html, :builder, :ruby, :jbuilder]}. Searched in:
  * "/Users/parkerpreyer/Momentum/Final_Project/tail/doggo/app/views"
):
  
app/controllers/categories_controller.rb:14:in `block (2 levels) in create'
app/controllers/categories_controller.rb:13:in `create'
Started POST "/categories?source=rescue" for 127.0.0.1 at 2018-07-03 17:21:12 -0400
  [1m[35m (1.0ms)[0m  [1m[34mSELECT "schema_migrations"."version" FROM "schema_migrations" ORDER BY "schema_migrations"."version" ASC[0m
  ↳ /Users/parkerpreyer/.rbenv/versions/2.5.0/lib/ruby/gems/2.5.0/gems/activerecord-5.2.0/lib/active_record/log_subscriber.rb:98
Processing by CategoriesController#create as */*
  Parameters: {"source"=>"rescue"}
  [1m[35m (0.2ms)[0m  [1m[35mBEGIN[0m
  ↳ app/controllers/categories_controller.rb:12
  [1m[36mCategory Create (0.6ms)[0m  [1m[32mINSERT INTO "categories" ("created_at", "updated_at", "source") VALUES ($1, $2, $3) RETURNING "id"[0m  [["created_at", "2018-07-03 21:21:13.268972"], ["updated_at", "2018-07-03 21:21:13.268972"], ["source", "rescue"]]
  ↳ app/controllers/categories_controller.rb:12
  [1m[35m (6.3ms)[0m  [1m[35mCOMMIT[0m
  ↳ app/controllers/categories_controller.rb:12
  Rendering categories/show.json.jbuilder
  Rendered categories/show.json.jbuilder (8.4ms)
Completed 201 Created in 60ms (Views: 27.4ms | ActiveRecord: 11.8ms)


Started POST "/categories" for 127.0.0.1 at 2018-07-03 17:28:06 -0400
  [1m[35m (0.8ms)[0m  [1m[34mSELECT "schema_migrations"."version" FROM "schema_migrations" ORDER BY "schema_migrations"."version" ASC[0m
  ↳ /Users/parkerpreyer/.rbenv/versions/2.5.0/lib/ruby/gems/2.5.0/gems/activerecord-5.2.0/lib/active_record/log_subscriber.rb:98
Processing by CategoriesController#create as */*
  Parameters: {"category"=>{"source"=>"rescue", "questions_attributes"=>[{"content"=>"hello"}]}}
Unpermitted parameter: :category
  [1m[35m (0.2ms)[0m  [1m[35mBEGIN[0m
  ↳ app/controllers/categories_controller.rb:12
  [1m[36mCategory Create (0.6ms)[0m  [1m[32mINSERT INTO "categories" ("created_at", "updated_at") VALUES ($1, $2) RETURNING "id"[0m  [["created_at", "2018-07-03 21:28:06.999058"], ["updated_at", "2018-07-03 21:28:06.999058"]]
  ↳ app/controllers/categories_controller.rb:12
  [1m[35m (8.2ms)[0m  [1m[35mCOMMIT[0m
  ↳ app/controllers/categories_controller.rb:12
  Rendering categories/show.json.jbuilder
  Rendered categories/show.json.jbuilder (7.9ms)
Completed 201 Created in 54ms (Views: 30.0ms | ActiveRecord: 13.6ms)


Started POST "/categories" for 127.0.0.1 at 2018-07-03 17:28:37 -0400
  [1m[35m (0.6ms)[0m  [1m[34mSELECT "schema_migrations"."version" FROM "schema_migrations" ORDER BY "schema_migrations"."version" ASC[0m
  ↳ /Users/parkerpreyer/.rbenv/versions/2.5.0/lib/ruby/gems/2.5.0/gems/activerecord-5.2.0/lib/active_record/log_subscriber.rb:98
Processing by CategoriesController#create as */*
  Parameters: {"category"=>{"source"=>"rescue", "questions_attributes"=>[{"content"=>"hello"}]}}
Unpermitted parameter: :category
  [1m[35m (0.2ms)[0m  [1m[35mBEGIN[0m
  ↳ app/controllers/categories_controller.rb:12
  [1m[36mCategory Create (0.6ms)[0m  [1m[32mINSERT INTO "categories" ("created_at", "updated_at") VALUES ($1, $2) RETURNING "id"[0m  [["created_at", "2018-07-03 21:28:37.575836"], ["updated_at", "2018-07-03 21:28:37.575836"]]
  ↳ app/controllers/categories_controller.rb:12
  [1m[35m (1.4ms)[0m  [1m[35mCOMMIT[0m
  ↳ app/controllers/categories_controller.rb:12
  Rendering categories/show.json.jbuilder
  Rendered categories/show.json.jbuilder (2.6ms)
Completed 201 Created in 29ms (Views: 13.6ms | ActiveRecord: 6.5ms)


Started POST "/categories" for 127.0.0.1 at 2018-07-03 17:29:43 -0400
  [1m[35m (0.7ms)[0m  [1m[34mSELECT "schema_migrations"."version" FROM "schema_migrations" ORDER BY "schema_migrations"."version" ASC[0m
  ↳ /Users/parkerpreyer/.rbenv/versions/2.5.0/lib/ruby/gems/2.5.0/gems/activerecord-5.2.0/lib/active_record/log_subscriber.rb:98
Processing by CategoriesController#create as */*
  Parameters: {"category"=>{"source"=>"rescue", "questions_attributes"=>[{"content"=>"hello"}]}}
Completed 500 Internal Server Error in 47ms (ActiveRecord: 12.3ms)


  
ActiveModel::UnknownAttributeError (unknown attribute 'category_id' for Question.):
  
app/controllers/categories_controller.rb:11:in `create'
  [1m[35m (0.2ms)[0m  [1m[34mSELECT pg_try_advisory_lock(4503895740962357565)[0m
  ↳ bin/rails:9
  [1m[35m (0.7ms)[0m  [1m[34mSELECT "schema_migrations"."version" FROM "schema_migrations" ORDER BY "schema_migrations"."version" ASC[0m
  ↳ bin/rails:9
Migrating to AddCategoryIdToQuestions (20180703213312)
  [1m[35m (0.3ms)[0m  [1m[35mBEGIN[0m
  ↳ bin/rails:9
  [1m[35m (13.2ms)[0m  [1m[35mALTER TABLE "questions" ADD "category_id" integer[0m
  ↳ db/migrate/20180703213312_add_category_id_to_questions.rb:3
  [1m[36mActiveRecord::SchemaMigration Create (2.0ms)[0m  [1m[32mINSERT INTO "schema_migrations" ("version") VALUES ($1) RETURNING "version"[0m  [["version", "20180703213312"]]
  ↳ bin/rails:9
  [1m[35m (1.6ms)[0m  [1m[35mCOMMIT[0m
  ↳ bin/rails:9
  [1m[36mActiveRecord::InternalMetadata Load (0.4ms)[0m  [1m[34mSELECT  "ar_internal_metadata".* FROM "ar_internal_metadata" WHERE "ar_internal_metadata"."key" = $1 LIMIT $2[0m  [["key", "environment"], ["LIMIT", 1]]
  ↳ bin/rails:9
  [1m[35m (0.2ms)[0m  [1m[35mBEGIN[0m
  ↳ bin/rails:9
  [1m[35m (0.3ms)[0m  [1m[35mCOMMIT[0m
  ↳ bin/rails:9
  [1m[35m (0.4ms)[0m  [1m[34mSELECT pg_advisory_unlock(4503895740962357565)[0m
  ↳ bin/rails:9
  [1m[35m (0.3ms)[0m  [1m[34mSELECT "schema_migrations"."version" FROM "schema_migrations" ORDER BY "schema_migrations"."version" ASC[0m
  ↳ bin/rails:9
  [1m[35m (1.7ms)[0m  [1m[34mSELECT "schema_migrations"."version" FROM "schema_migrations" ORDER BY "schema_migrations"."version" ASC[0m
  ↳ /Users/parkerpreyer/.rbenv/versions/2.5.0/bin/annotate:23
Started POST "/categories" for 127.0.0.1 at 2018-07-03 17:34:26 -0400
  [1m[35m (0.7ms)[0m  [1m[34mSELECT "schema_migrations"."version" FROM "schema_migrations" ORDER BY "schema_migrations"."version" ASC[0m
  ↳ /Users/parkerpreyer/.rbenv/versions/2.5.0/lib/ruby/gems/2.5.0/gems/activerecord-5.2.0/lib/active_record/log_subscriber.rb:98
Processing by CategoriesController#create as */*
  Parameters: {"category"=>{"source"=>"rescue", "questions_attributes"=>[{"content"=>"hello"}]}}
  [1m[35m (0.3ms)[0m  [1m[35mBEGIN[0m
  ↳ app/controllers/categories_controller.rb:12
  [1m[36mCategory Create (0.7ms)[0m  [1m[32mINSERT INTO "categories" ("created_at", "updated_at", "source") VALUES ($1, $2, $3) RETURNING "id"[0m  [["created_at", "2018-07-03 21:34:26.591262"], ["updated_at", "2018-07-03 21:34:26.591262"], ["source", "rescue"]]
  ↳ app/controllers/categories_controller.rb:12
  [1m[36mQuestion Create (6.7ms)[0m  [1m[32mINSERT INTO "questions" ("content", "created_at", "updated_at", "category_id") VALUES ($1, $2, $3, $4) RETURNING "id"[0m  [["content", "hello"], ["created_at", "2018-07-03 21:34:26.593946"], ["updated_at", "2018-07-03 21:34:26.593946"], ["category_id", 8]]
  ↳ app/controllers/categories_controller.rb:12
  [1m[35m (6.5ms)[0m  [1m[35mCOMMIT[0m
  ↳ app/controllers/categories_controller.rb:12
  Rendering categories/show.json.jbuilder
  Rendered categories/show.json.jbuilder (8.6ms)
Completed 201 Created in 88ms (Views: 26.9ms | ActiveRecord: 23.7ms)


Started POST "/categories" for 127.0.0.1 at 2018-07-03 17:38:39 -0400
  [1m[35m (1.0ms)[0m  [1m[34mSELECT "schema_migrations"."version" FROM "schema_migrations" ORDER BY "schema_migrations"."version" ASC[0m
  ↳ /Users/parkerpreyer/.rbenv/versions/2.5.0/lib/ruby/gems/2.5.0/gems/activerecord-5.2.0/lib/active_record/log_subscriber.rb:98
Processing by CategoriesController#create as */*
  Parameters: {"category"=>{"source"=>"rescue", "questions_attributes"=>[{"content"=>"hello"}]}}
  [1m[35m (0.3ms)[0m  [1m[35mBEGIN[0m
  ↳ app/controllers/categories_controller.rb:12
  [1m[36mCategory Create (0.6ms)[0m  [1m[32mINSERT INTO "categories" ("created_at", "updated_at", "source") VALUES ($1, $2, $3) RETURNING "id"[0m  [["created_at", "2018-07-03 21:38:40.233070"], ["updated_at", "2018-07-03 21:38:40.233070"], ["source", "rescue"]]
  ↳ app/controllers/categories_controller.rb:12
  [1m[36mQuestion Create (0.6ms)[0m  [1m[32mINSERT INTO "questions" ("content", "created_at", "updated_at", "category_id") VALUES ($1, $2, $3, $4) RETURNING "id"[0m  [["content", "hello"], ["created_at", "2018-07-03 21:38:40.235662"], ["updated_at", "2018-07-03 21:38:40.235662"], ["category_id", 9]]
  ↳ app/controllers/categories_controller.rb:12
  [1m[35m (12.4ms)[0m  [1m[35mCOMMIT[0m
  ↳ app/controllers/categories_controller.rb:12
  Rendering categories/show.json.jbuilder
  [1m[36mQuestion Load (0.4ms)[0m  [1m[34mSELECT "questions".* FROM "questions" WHERE "questions"."category_id" = $1[0m  [["category_id", 9]]
  ↳ app/views/categories/show.json.jbuilder:4
  Rendered categories/show.json.jbuilder (19.8ms)
Completed 201 Created in 103ms (Views: 35.4ms | ActiveRecord: 21.9ms)


  [1m[35m (0.4ms)[0m  [1m[34mSELECT pg_try_advisory_lock(4503895740962357565)[0m
  ↳ bin/rails:9
  [1m[35m (1.0ms)[0m  [1m[34mSELECT "schema_migrations"."version" FROM "schema_migrations" ORDER BY "schema_migrations"."version" ASC[0m
  ↳ bin/rails:9
Migrating to RemoveQuestionSetIdFromQuestions (20180703213930)
  [1m[35m (0.3ms)[0m  [1m[35mBEGIN[0m
  ↳ bin/rails:9
  [1m[35m (0.9ms)[0m  [1m[35mALTER TABLE "questions" DROP COLUMN "question_set_id"[0m
  ↳ db/migrate/20180703213930_remove_question_set_id_from_questions.rb:3
  [1m[36mActiveRecord::SchemaMigration Create (0.4ms)[0m  [1m[32mINSERT INTO "schema_migrations" ("version") VALUES ($1) RETURNING "version"[0m  [["version", "20180703213930"]]
  ↳ bin/rails:9
  [1m[35m (6.5ms)[0m  [1m[35mCOMMIT[0m
  ↳ bin/rails:9
  [1m[36mActiveRecord::InternalMetadata Load (0.4ms)[0m  [1m[34mSELECT  "ar_internal_metadata".* FROM "ar_internal_metadata" WHERE "ar_internal_metadata"."key" = $1 LIMIT $2[0m  [["key", "environment"], ["LIMIT", 1]]
  ↳ bin/rails:9
  [1m[35m (0.3ms)[0m  [1m[35mBEGIN[0m
  ↳ bin/rails:9
  [1m[35m (0.6ms)[0m  [1m[35mCOMMIT[0m
  ↳ bin/rails:9
  [1m[35m (0.5ms)[0m  [1m[34mSELECT pg_advisory_unlock(4503895740962357565)[0m
  ↳ bin/rails:9
  [1m[35m (0.3ms)[0m  [1m[34mSELECT "schema_migrations"."version" FROM "schema_migrations" ORDER BY "schema_migrations"."version" ASC[0m
  ↳ bin/rails:9
  [1m[35m (0.7ms)[0m  [1m[34mSELECT "schema_migrations"."version" FROM "schema_migrations" ORDER BY "schema_migrations"."version" ASC[0m
  ↳ /Users/parkerpreyer/.rbenv/versions/2.5.0/bin/annotate:23
Started POST "/categories" for 127.0.0.1 at 2018-07-03 17:41:38 -0400
  [1m[35m (0.7ms)[0m  [1m[34mSELECT "schema_migrations"."version" FROM "schema_migrations" ORDER BY "schema_migrations"."version" ASC[0m
  ↳ /Users/parkerpreyer/.rbenv/versions/2.5.0/lib/ruby/gems/2.5.0/gems/activerecord-5.2.0/lib/active_record/log_subscriber.rb:98
Processing by CategoriesController#create as */*
  Parameters: {"category"=>{"source"=>"rescue", "questions_attributes"=>[{"content"=>"hello"}]}}
  [1m[35m (0.3ms)[0m  [1m[35mBEGIN[0m
  ↳ app/controllers/categories_controller.rb:12
  [1m[36mCategory Create (0.6ms)[0m  [1m[32mINSERT INTO "categories" ("created_at", "updated_at", "source") VALUES ($1, $2, $3) RETURNING "id"[0m  [["created_at", "2018-07-03 21:41:38.333149"], ["updated_at", "2018-07-03 21:41:38.333149"], ["source", "rescue"]]
  ↳ app/controllers/categories_controller.rb:12
  [1m[36mQuestion Create (8.1ms)[0m  [1m[32mINSERT INTO "questions" ("content", "created_at", "updated_at", "category_id") VALUES ($1, $2, $3, $4) RETURNING "id"[0m  [["content", "hello"], ["created_at", "2018-07-03 21:41:38.335475"], ["updated_at", "2018-07-03 21:41:38.335475"], ["category_id", 10]]
  ↳ app/controllers/categories_controller.rb:12
  [1m[35m (6.0ms)[0m  [1m[35mCOMMIT[0m
  ↳ app/controllers/categories_controller.rb:12
  Rendering categories/show.json.jbuilder
  [1m[36mQuestion Load (0.3ms)[0m  [1m[34mSELECT "questions".* FROM "questions" WHERE "questions"."category_id" = $1[0m  [["category_id", 10]]
  ↳ app/views/categories/show.json.jbuilder:4
  Rendered categories/show.json.jbuilder (17.8ms)
Completed 500 Internal Server Error in 112ms (ActiveRecord: 28.0ms)


  
ActionView::Template::Error (undefined method `empty?' for 44:Integer):
    3:     json.source @category.source
    4:     json.questions @category.questions do |question|
    5:       json.merge! question.id
    6:       json.merge! question.content
    7:     end
    8: end
  
app/views/categories/show.json.jbuilder:6:in `block (2 levels) in _app_views_categories_show_json_jbuilder___95558647362789617_70342404559060'
app/views/categories/show.json.jbuilder:4:in `block in _app_views_categories_show_json_jbuilder___95558647362789617_70342404559060'
app/views/categories/show.json.jbuilder:1:in `_app_views_categories_show_json_jbuilder___95558647362789617_70342404559060'
app/controllers/categories_controller.rb:14:in `block (2 levels) in create'
app/controllers/categories_controller.rb:13:in `create'
Started POST "/categories" for 127.0.0.1 at 2018-07-03 17:42:03 -0400
  [1m[35m (6.8ms)[0m  [1m[34mSELECT "schema_migrations"."version" FROM "schema_migrations" ORDER BY "schema_migrations"."version" ASC[0m
  ↳ /Users/parkerpreyer/.rbenv/versions/2.5.0/lib/ruby/gems/2.5.0/gems/activerecord-5.2.0/lib/active_record/log_subscriber.rb:98
Processing by CategoriesController#create as */*
  Parameters: {"category"=>{"source"=>"rescue", "questions_attributes"=>[{"content"=>"hello"}]}}
  [1m[35m (0.2ms)[0m  [1m[35mBEGIN[0m
  ↳ app/controllers/categories_controller.rb:12
  [1m[36mCategory Create (0.7ms)[0m  [1m[32mINSERT INTO "categories" ("created_at", "updated_at", "source") VALUES ($1, $2, $3) RETURNING "id"[0m  [["created_at", "2018-07-03 21:42:03.874142"], ["updated_at", "2018-07-03 21:42:03.874142"], ["source", "rescue"]]
  ↳ app/controllers/categories_controller.rb:12
  [1m[36mQuestion Create (0.5ms)[0m  [1m[32mINSERT INTO "questions" ("content", "created_at", "updated_at", "category_id") VALUES ($1, $2, $3, $4) RETURNING "id"[0m  [["content", "hello"], ["created_at", "2018-07-03 21:42:03.877084"], ["updated_at", "2018-07-03 21:42:03.877084"], ["category_id", 11]]
  ↳ app/controllers/categories_controller.rb:12
  [1m[35m (6.6ms)[0m  [1m[35mCOMMIT[0m
  ↳ app/controllers/categories_controller.rb:12
  Rendering categories/show.json.jbuilder
  [1m[36mQuestion Load (0.4ms)[0m  [1m[34mSELECT "questions".* FROM "questions" WHERE "questions"."category_id" = $1[0m  [["category_id", 11]]
  ↳ app/views/categories/show.json.jbuilder:4
  Rendered categories/show.json.jbuilder (21.0ms)
Completed 201 Created in 98ms (Views: 38.2ms | ActiveRecord: 17.8ms)


Started POST "/categories" for 127.0.0.1 at 2018-07-03 17:53:21 -0400
  [1m[35m (0.7ms)[0m  [1m[34mSELECT "schema_migrations"."version" FROM "schema_migrations" ORDER BY "schema_migrations"."version" ASC[0m
  ↳ /Users/parkerpreyer/.rbenv/versions/2.5.0/lib/ruby/gems/2.5.0/gems/activerecord-5.2.0/lib/active_record/log_subscriber.rb:98
  
NameError (undefined local variable or method `options' for #<Class:0x00007fbdfc359ed8>):
  
app/models/category.rb:15:in `<class:Category>'
app/models/category.rb:11:in `<top (required)>'
Started POST "/categories" for 127.0.0.1 at 2018-07-03 17:54:19 -0400
  [1m[35m (1.4ms)[0m  [1m[34mSELECT "schema_migrations"."version" FROM "schema_migrations" ORDER BY "schema_migrations"."version" ASC[0m
  ↳ /Users/parkerpreyer/.rbenv/versions/2.5.0/lib/ruby/gems/2.5.0/gems/activerecord-5.2.0/lib/active_record/log_subscriber.rb:98
  
NameError (undefined local variable or method `options' for #<Class:0x00007f9ed7962f30>):
  
app/models/category.rb:15:in `<class:Category>'
app/models/category.rb:11:in `<top (required)>'
Started POST "/categories" for 127.0.0.1 at 2018-07-03 17:55:30 -0400
  [1m[35m (1.3ms)[0m  [1m[34mSELECT "schema_migrations"."version" FROM "schema_migrations" ORDER BY "schema_migrations"."version" ASC[0m
  ↳ /Users/parkerpreyer/.rbenv/versions/2.5.0/lib/ruby/gems/2.5.0/gems/activerecord-5.2.0/lib/active_record/log_subscriber.rb:98
Processing by CategoriesController#create as */*
  Parameters: {"category"=>{"source"=>"rescue", "questions_attributes"=>[{"content"=>"hello", "options_attributes"=>[{"o_content"=>"do you like dogs?", "avail_points"=>40, "feedback_text"=>"good answer!"}, {"o_content"=>"do you kind of like dogs?", "avail_points"=>20, "feedback_text"=>"decent..."}, {"o_content"=>"do you hate dogs?", "avail_points"=>10, "feedback_text"=>"not ok!"}]}]}}
Completed 500 Internal Server Error in 31ms (ActiveRecord: 8.0ms)


  
ActiveModel::UnknownAttributeError (unknown attribute 'options_attributes' for Question.):
  
app/controllers/categories_controller.rb:11:in `create'
Started POST "/categories" for 127.0.0.1 at 2018-07-03 17:58:42 -0400
  [1m[35m (0.7ms)[0m  [1m[34mSELECT "schema_migrations"."version" FROM "schema_migrations" ORDER BY "schema_migrations"."version" ASC[0m
  ↳ /Users/parkerpreyer/.rbenv/versions/2.5.0/lib/ruby/gems/2.5.0/gems/activerecord-5.2.0/lib/active_record/log_subscriber.rb:98
Processing by CategoriesController#create as */*
  Parameters: {"category"=>{"source"=>"rescue", "questions_attributes"=>[{"content"=>"hello", "options_attributes"=>[{"o_content"=>"do you like dogs?", "avail_points"=>40, "feedback_text"=>"good answer!"}, {"o_content"=>"do you kind of like dogs?", "avail_points"=>20, "feedback_text"=>"decent..."}, {"o_content"=>"do you hate dogs?", "avail_points"=>10, "feedback_text"=>"not ok!"}]}]}}
Completed 500 Internal Server Error in 30ms (ActiveRecord: 7.2ms)


  
ActiveModel::UnknownAttributeError (unknown attribute 'options_attributes' for Question.):
  
app/controllers/categories_controller.rb:11:in `create'
Started POST "/categories" for 127.0.0.1 at 2018-07-03 18:00:16 -0400
  [1m[35m (0.7ms)[0m  [1m[34mSELECT "schema_migrations"."version" FROM "schema_migrations" ORDER BY "schema_migrations"."version" ASC[0m
  ↳ /Users/parkerpreyer/.rbenv/versions/2.5.0/lib/ruby/gems/2.5.0/gems/activerecord-5.2.0/lib/active_record/log_subscriber.rb:98
Processing by CategoriesController#create as */*
  Parameters: {"category"=>{"source"=>"rescue", "questions_attributes"=>[{"content"=>"hello", "options_attributes"=>[{"o_content"=>"do you like dogs?", "avail_points"=>40, "feedback_text"=>"good answer!"}, {"o_content"=>"do you kind of like dogs?", "avail_points"=>20, "feedback_text"=>"decent..."}, {"o_content"=>"do you hate dogs?", "avail_points"=>10, "feedback_text"=>"not ok!"}]}]}}
Completed 500 Internal Server Error in 31ms (ActiveRecord: 7.2ms)


  
ActiveModel::UnknownAttributeError (unknown attribute 'options_attributes' for Question.):
  
app/controllers/categories_controller.rb:11:in `create'
Started POST "/categories" for 127.0.0.1 at 2018-07-03 18:02:14 -0400
  [1m[35m (0.6ms)[0m  [1m[34mSELECT "schema_migrations"."version" FROM "schema_migrations" ORDER BY "schema_migrations"."version" ASC[0m
  ↳ /Users/parkerpreyer/.rbenv/versions/2.5.0/lib/ruby/gems/2.5.0/gems/activerecord-5.2.0/lib/active_record/log_subscriber.rb:98
Processing by CategoriesController#create as */*
  Parameters: {"category"=>{"source"=>"rescue", "questions_attributes"=>[{"content"=>"hello", "options_attributes"=>[{"o_content"=>"do you like dogs?", "avail_points"=>40, "feedback_text"=>"good answer!"}, {"o_content"=>"do you kind of like dogs?", "avail_points"=>20, "feedback_text"=>"decent..."}, {"o_content"=>"do you hate dogs?", "avail_points"=>10, "feedback_text"=>"not ok!"}]}]}}
Completed 500 Internal Server Error in 37ms (ActiveRecord: 11.1ms)


  
ActiveModel::UnknownAttributeError (unknown attribute 'options_attributes' for Question.):
  
app/controllers/categories_controller.rb:11:in `create'
Started POST "/categories" for 127.0.0.1 at 2018-07-03 18:05:48 -0400
  [1m[35m (0.7ms)[0m  [1m[34mSELECT "schema_migrations"."version" FROM "schema_migrations" ORDER BY "schema_migrations"."version" ASC[0m
  ↳ /Users/parkerpreyer/.rbenv/versions/2.5.0/lib/ruby/gems/2.5.0/gems/activerecord-5.2.0/lib/active_record/log_subscriber.rb:98
Processing by CategoriesController#create as */*
  Parameters: {"category"=>{"source"=>"rescue", "questions_attributes"=>[{"content"=>"hello", "options_attributes"=>[{"o_content"=>"do you like dogs?", "o_color"=>"green", "avail_points"=>40, "feedback_text"=>"good answer!"}, {"o_content"=>"do you kind of like dogs?", "o_color"=>"yellow", "avail_points"=>20, "feedback_text"=>"decent..."}, {"o_content"=>"do you hate dogs?", "o_color"=>"red", "avail_points"=>10, "feedback_text"=>"not ok!"}]}]}}
Completed 500 Internal Server Error in 61ms (ActiveRecord: 9.1ms)


  
ActiveModel::UnknownAttributeError (unknown attribute 'options_attributes' for Question.):
  
app/controllers/categories_controller.rb:11:in `create'
Started POST "/categories" for 127.0.0.1 at 2018-07-03 18:11:03 -0400
  [1m[35m (0.7ms)[0m  [1m[34mSELECT "schema_migrations"."version" FROM "schema_migrations" ORDER BY "schema_migrations"."version" ASC[0m
  ↳ /Users/parkerpreyer/.rbenv/versions/2.5.0/lib/ruby/gems/2.5.0/gems/activerecord-5.2.0/lib/active_record/log_subscriber.rb:98
Processing by CategoriesController#create as */*
  Parameters: {"category"=>{"source"=>"rescue", "questions_attributes"=>[{"content"=>"hello", "options_attributes"=>[{"o_content"=>"do you like dogs?", "o_color"=>"green", "avail_points"=>40, "feedback_text"=>"good answer!"}, {"o_content"=>"do you kind of like dogs?", "o_color"=>"yellow", "avail_points"=>20, "feedback_text"=>"decent..."}, {"o_content"=>"do you hate dogs?", "o_color"=>"red", "avail_points"=>10, "feedback_text"=>"not ok!"}]}]}}
Completed 500 Internal Server Error in 33ms (ActiveRecord: 8.8ms)


  
ActiveModel::UnknownAttributeError (unknown attribute 'options_attributes' for Question.):
  
app/controllers/categories_controller.rb:11:in `create'
Started POST "/categories" for 127.0.0.1 at 2018-07-03 18:12:00 -0400
  [1m[35m (1.3ms)[0m  [1m[34mSELECT "schema_migrations"."version" FROM "schema_migrations" ORDER BY "schema_migrations"."version" ASC[0m
  ↳ /Users/parkerpreyer/.rbenv/versions/2.5.0/lib/ruby/gems/2.5.0/gems/activerecord-5.2.0/lib/active_record/log_subscriber.rb:98
Processing by CategoriesController#create as */*
  Parameters: {"category"=>{"source"=>"rescue", "questions_attributes"=>[{"content"=>"hello", "options_attributes"=>[{"o_content"=>"do you like dogs?", "o_color"=>"green", "avail_points"=>40, "feedback_text"=>"good answer!"}, {"o_content"=>"do you kind of like dogs?", "o_color"=>"yellow", "avail_points"=>20, "feedback_text"=>"decent..."}, {"o_content"=>"do you hate dogs?", "o_color"=>"red", "avail_points"=>10, "feedback_text"=>"not ok!"}]}]}}
Unpermitted parameter: :options_attributes
  [1m[35m (0.2ms)[0m  [1m[35mBEGIN[0m
  ↳ app/controllers/categories_controller.rb:12
  [1m[36mCategory Create (0.9ms)[0m  [1m[32mINSERT INTO "categories" ("created_at", "updated_at", "source") VALUES ($1, $2, $3) RETURNING "id"[0m  [["created_at", "2018-07-03 22:12:00.551033"], ["updated_at", "2018-07-03 22:12:00.551033"], ["source", "rescue"]]
  ↳ app/controllers/categories_controller.rb:12
  [1m[36mQuestion Create (0.8ms)[0m  [1m[32mINSERT INTO "questions" ("content", "created_at", "updated_at", "category_id") VALUES ($1, $2, $3, $4) RETURNING "id"[0m  [["content", "hello"], ["created_at", "2018-07-03 22:12:00.553845"], ["updated_at", "2018-07-03 22:12:00.553845"], ["category_id", 12]]
  ↳ app/controllers/categories_controller.rb:12
  [1m[35m (7.8ms)[0m  [1m[35mCOMMIT[0m
  ↳ app/controllers/categories_controller.rb:12
  Rendering categories/show.json.jbuilder
  [1m[36mQuestion Load (0.3ms)[0m  [1m[34mSELECT "questions".* FROM "questions" WHERE "questions"."category_id" = $1[0m  [["category_id", 12]]
  ↳ app/views/categories/show.json.jbuilder:4
  Rendered categories/show.json.jbuilder (22.3ms)
Completed 201 Created in 107ms (Views: 42.5ms | ActiveRecord: 17.9ms)


Started POST "/categories" for 127.0.0.1 at 2018-07-03 18:21:02 -0400
  [1m[35m (0.7ms)[0m  [1m[34mSELECT "schema_migrations"."version" FROM "schema_migrations" ORDER BY "schema_migrations"."version" ASC[0m
  ↳ /Users/parkerpreyer/.rbenv/versions/2.5.0/lib/ruby/gems/2.5.0/gems/activerecord-5.2.0/lib/active_record/log_subscriber.rb:98
Processing by CategoriesController#create as */*
  Parameters: {"category"=>{"source"=>"rescue", "questions_attributes"=>[{"content"=>"hello", "options_attributes"=>[{"o_content"=>"do you like dogs?", "o_color"=>"green", "avail_points"=>40, "feedback_text"=>"good answer!"}]}]}}
Completed 500 Internal Server Error in 32ms (ActiveRecord: 7.8ms)


  
ActiveModel::UnknownAttributeError (unknown attribute 'options_attributes' for Question.):
  
app/controllers/categories_controller.rb:11:in `create'
Started POST "/categories" for 127.0.0.1 at 2018-07-03 18:28:04 -0400
  [1m[35m (0.7ms)[0m  [1m[34mSELECT "schema_migrations"."version" FROM "schema_migrations" ORDER BY "schema_migrations"."version" ASC[0m
  ↳ /Users/parkerpreyer/.rbenv/versions/2.5.0/lib/ruby/gems/2.5.0/gems/activerecord-5.2.0/lib/active_record/log_subscriber.rb:98
Processing by CategoriesController#create as */*
  Parameters: {"category"=>{"source"=>"rescue", "questions_attributes"=>[{"content"=>"hello", "options_attributes"=>[{"o_content"=>"do you like dogs?", "o_color"=>"green", "avail_points"=>40, "feedback_text"=>"good answer!"}]}]}}
Completed 500 Internal Server Error in 36ms (ActiveRecord: 11.3ms)


  
ActiveModel::UnknownAttributeError (unknown attribute 'options_attributes' for Question.):
  
app/controllers/categories_controller.rb:11:in `create'
Started GET "/categories" for 127.0.0.1 at 2018-07-03 18:28:14 -0400
Processing by CategoriesController#index as */*
  Parameters: {"category"=>{}}
Completed 500 Internal Server Error in 151ms (ActiveRecord: 0.0ms)


  
NameError (undefined local variable or method `category' for #<CategoriesController:0x00007f9556a204e8>
Did you mean?  category_url):
  
app/controllers/categories_controller.rb:3:in `index'
Started POST "/categories" for 127.0.0.1 at 2018-07-03 18:29:01 -0400
Processing by CategoriesController#create as */*
  Parameters: {"category"=>{"source"=>"rescue", "questions_attributes"=>[{"content"=>"hello", "options_attributes"=>[{"o_content"=>"do you like dogs?", "o_color"=>"green", "avail_points"=>40, "feedback_text"=>"good answer!"}]}]}}
Completed 500 Internal Server Error in 1ms (ActiveRecord: 0.0ms)


  
ActiveModel::UnknownAttributeError (unknown attribute 'options_attributes' for Question.):
  
app/controllers/categories_controller.rb:11:in `create'
  [1m[35m (0.5ms)[0m  [1m[34mSELECT pg_try_advisory_lock(4503895740962357565)[0m
  ↳ bin/rails:9
  [1m[35m (1.8ms)[0m  [1m[34mSELECT "schema_migrations"."version" FROM "schema_migrations" ORDER BY "schema_migrations"."version" ASC[0m
  ↳ bin/rails:9
  [1m[36mActiveRecord::InternalMetadata Load (1.5ms)[0m  [1m[34mSELECT  "ar_internal_metadata".* FROM "ar_internal_metadata" WHERE "ar_internal_metadata"."key" = $1 LIMIT $2[0m  [["key", "environment"], ["LIMIT", 1]]
  ↳ bin/rails:9
  [1m[35m (0.2ms)[0m  [1m[35mBEGIN[0m
  ↳ bin/rails:9
  [1m[35m (0.2ms)[0m  [1m[35mCOMMIT[0m
  ↳ bin/rails:9
  [1m[35m (0.3ms)[0m  [1m[34mSELECT pg_advisory_unlock(4503895740962357565)[0m
  ↳ bin/rails:9
  [1m[35m (0.3ms)[0m  [1m[34mSELECT "schema_migrations"."version" FROM "schema_migrations" ORDER BY "schema_migrations"."version" ASC[0m
  ↳ bin/rails:9
Started POST "/categories" for 127.0.0.1 at 2018-07-03 18:30:59 -0400
  [1m[35m (1.1ms)[0m  [1m[34mSELECT "schema_migrations"."version" FROM "schema_migrations" ORDER BY "schema_migrations"."version" ASC[0m
  ↳ /Users/parkerpreyer/.rbenv/versions/2.5.0/lib/ruby/gems/2.5.0/gems/activerecord-5.2.0/lib/active_record/log_subscriber.rb:98
Processing by CategoriesController#create as */*
  Parameters: {"category"=>{"source"=>"rescue", "questions_attributes"=>[{"content"=>"hello", "options_attributes"=>[{"o_content"=>"do you like dogs?", "o_color"=>"green", "avail_points"=>40, "feedback_text"=>"good answer!"}]}]}}
Completed 500 Internal Server Error in 31ms (ActiveRecord: 8.0ms)


  
ActiveModel::UnknownAttributeError (unknown attribute 'options_attributes' for Question.):
  
app/controllers/categories_controller.rb:11:in `create'
Started POST "/categories" for 127.0.0.1 at 2018-07-03 18:40:26 -0400
  [1m[35m (1.2ms)[0m  [1m[34mSELECT "schema_migrations"."version" FROM "schema_migrations" ORDER BY "schema_migrations"."version" ASC[0m
  ↳ /Users/parkerpreyer/.rbenv/versions/2.5.0/lib/ruby/gems/2.5.0/gems/activerecord-5.2.0/lib/active_record/log_subscriber.rb:98
  
SyntaxError (/Users/parkerpreyer/Momentum/Final_Project/tail/doggo/app/controllers/categories_controller.rb:40: syntax error, unexpected ':', expecting ']'
... :content, :options_attributes: [:o_content, :o_color, :avai...
...                              ^
/Users/parkerpreyer/Momentum/Final_Project/tail/doggo/app/controllers/categories_controller.rb:40: syntax error, unexpected ']', expecting keyword_end
...:avail_points, :feedback_text]])
...                              ^):
  
app/controllers/categories_controller.rb:40: syntax error, unexpected ':', expecting ']'
app/controllers/categories_controller.rb:40: syntax error, unexpected ']', expecting keyword_end
Started POST "/categories" for 127.0.0.1 at 2018-07-03 18:41:00 -0400
  [1m[35m (8.2ms)[0m  [1m[34mSELECT "schema_migrations"."version" FROM "schema_migrations" ORDER BY "schema_migrations"."version" ASC[0m
  ↳ /Users/parkerpreyer/.rbenv/versions/2.5.0/lib/ruby/gems/2.5.0/gems/activerecord-5.2.0/lib/active_record/log_subscriber.rb:98
Processing by CategoriesController#create as */*
  Parameters: {"category"=>{"source"=>"rescue", "questions_attributes"=>[{"content"=>"hello", "options_attributes"=>[{"o_content"=>"do you like dogs?", "o_color"=>"green", "avail_points"=>40, "feedback_text"=>"good answer!"}]}]}}
Completed 500 Internal Server Error in 37ms (ActiveRecord: 8.5ms)


  
ActiveModel::UnknownAttributeError (unknown attribute 'options_attributes' for Question.):
  
app/controllers/categories_controller.rb:11:in `create'
Started POST "/categories" for 127.0.0.1 at 2018-07-03 18:47:01 -0400
  [1m[35m (0.7ms)[0m  [1m[34mSELECT "schema_migrations"."version" FROM "schema_migrations" ORDER BY "schema_migrations"."version" ASC[0m
  ↳ /Users/parkerpreyer/.rbenv/versions/2.5.0/lib/ruby/gems/2.5.0/gems/activerecord-5.2.0/lib/active_record/log_subscriber.rb:98
  
NameError (undefined local variable or method `options' for #<Class:0x00007f8071fb6ed8>):
  
app/models/category.rb:15:in `<class:Category>'
app/models/category.rb:11:in `<top (required)>'
Started POST "/categories" for 127.0.0.1 at 2018-07-03 18:52:08 -0400
  [1m[35m (7.8ms)[0m  [1m[34mSELECT "schema_migrations"."version" FROM "schema_migrations" ORDER BY "schema_migrations"."version" ASC[0m
  ↳ /Users/parkerpreyer/.rbenv/versions/2.5.0/lib/ruby/gems/2.5.0/gems/activerecord-5.2.0/lib/active_record/log_subscriber.rb:98
  
NameError (undefined local variable or method `options' for #<Class:0x00007ff03252bf78>):
  
app/models/category.rb:15:in `<class:Category>'
app/models/category.rb:11:in `<top (required)>'
Started POST "/categories" for 127.0.0.1 at 2018-07-03 18:52:42 -0400
  [1m[35m (0.7ms)[0m  [1m[34mSELECT "schema_migrations"."version" FROM "schema_migrations" ORDER BY "schema_migrations"."version" ASC[0m
  ↳ /Users/parkerpreyer/.rbenv/versions/2.5.0/lib/ruby/gems/2.5.0/gems/activerecord-5.2.0/lib/active_record/log_subscriber.rb:98
Processing by CategoriesController#create as */*
  Parameters: {"category"=>{"source"=>"rescue", "questions_attributes"=>[{"content"=>"hello", "options_attributes"=>[{"o_content"=>"do you like dogs?", "o_color"=>"green", "avail_points"=>40, "feedback_text"=>"good answer!"}]}]}}
  [1m[35m (0.2ms)[0m  [1m[35mBEGIN[0m
  ↳ app/controllers/categories_controller.rb:12
  [1m[36mCategory Create (6.9ms)[0m  [1m[32mINSERT INTO "categories" ("created_at", "updated_at", "source") VALUES ($1, $2, $3) RETURNING "id"[0m  [["created_at", "2018-07-03 22:52:43.066572"], ["updated_at", "2018-07-03 22:52:43.066572"], ["source", "rescue"]]
  ↳ app/controllers/categories_controller.rb:12
  [1m[36mQuestion Create (8.2ms)[0m  [1m[32mINSERT INTO "questions" ("content", "created_at", "updated_at", "category_id") VALUES ($1, $2, $3, $4) RETURNING "id"[0m  [["content", "hello"], ["created_at", "2018-07-03 22:52:43.075647"], ["updated_at", "2018-07-03 22:52:43.075647"], ["category_id", 13]]
  ↳ app/controllers/categories_controller.rb:12
  [1m[36mOption Create (6.0ms)[0m  [1m[32mINSERT INTO "options" ("question_id", "o_content", "o_color", "created_at", "updated_at", "avail_points", "feedback_text") VALUES ($1, $2, $3, $4, $5, $6, $7) RETURNING "id"[0m  [["question_id", 47], ["o_content", "do you like dogs?"], ["o_color", "green"], ["created_at", "2018-07-03 22:52:43.085855"], ["updated_at", "2018-07-03 22:52:43.085855"], ["avail_points", 40], ["feedback_text", "good answer!"]]
  ↳ app/controllers/categories_controller.rb:12
  [1m[35m (1.6ms)[0m  [1m[35mCOMMIT[0m
  ↳ app/controllers/categories_controller.rb:12
  Rendering categories/show.json.jbuilder
  [1m[36mQuestion Load (0.4ms)[0m  [1m[34mSELECT "questions".* FROM "questions" WHERE "questions"."category_id" = $1[0m  [["category_id", 13]]
  ↳ app/views/categories/show.json.jbuilder:4
  Rendered categories/show.json.jbuilder (21.4ms)
Completed 201 Created in 144ms (Views: 39.1ms | ActiveRecord: 37.1ms)


